<?xml version="1.0" encoding="UTF-8"?>
<!-- Generated by org.testng.reporters.JUnitReportReporter -->
<testsuite skipped="0" hostname="DESKTOP-521SOOQ" name="org.example.runners.TestRunner" tests="22" failures="1" timestamp="2022-06-15T17:18:58 EET" time="345.338" errors="2">
  <testcase name="runScenario" time="31.519" classname="org.example.runners.TestRunner"/>
  <system-out/>
  <testcase name="runScenario" time="14.707" classname="org.example.runners.TestRunner"/>
  <system-out/>
  <testcase name="runScenario" time="12.239" classname="org.example.runners.TestRunner"/>
  <system-out/>
  <testcase name="runScenario" time="14.775" classname="org.example.runners.TestRunner"/>
  <system-out/>
  <testcase name="runScenario" time="32.995" classname="org.example.runners.TestRunner"/>
  <system-out/>
  <testcase name="runScenario" time="12.890" classname="org.example.runners.TestRunner"/>
  <system-out/>
  <testcase name="runScenario" time="14.875" classname="org.example.runners.TestRunner">
    <error type="org.openqa.selenium.ElementClickInterceptedException" message="element click intercepted: Element &lt;a href=&quot;http://demo.nopcommerce.com/&quot; aria-label=&quot;&quot; class=&quot;nivo-imageLink&quot; style=&quot;display: none;&quot;&gt;...&lt;/a&gt; is not clickable at point (600, 240). Other element would receive the click: &lt;a href=&quot;http://demo.nopcommerce.com/&quot; aria-label=&quot;&quot; class=&quot;nivo-imageLink&quot; style=&quot;display: block;&quot;&gt;...&lt;/a&gt;
  (Session info: chrome=102.0.5005.115)
Build info: version: &#039;4.1.4&#039;, revision: &#039;535d840ee2&#039;
System info: host: &#039;DESKTOP-521SOOQ&#039;, ip: &#039;192.168.1.109&#039;, os.name: &#039;Windows 10&#039;, os.arch: &#039;amd64&#039;, os.version: &#039;10.0&#039;, java.version: &#039;1.8.0_221&#039;
Driver info: org.openqa.selenium.chrome.ChromeDriver
Command: [cde34259beababb48ec5615fa719c3aa, clickElement {id=d06bd568-163f-4e16-b686-59d73695f235}]
Capabilities {acceptInsecureCerts: false, browserName: chrome, browserVersion: 102.0.5005.115, chrome: {chromedriverVersion: 102.0.5005.61 (0e59bcc00cc4..., userDataDir: C:\Users\shahd\AppData\Loca...}, goog:chromeOptions: {debuggerAddress: localhost:13842}, javascriptEnabled: true, networkConnectionEnabled: false, pageLoadStrategy: normal, platform: WINDOWS, platformName: WINDOWS, proxy: Proxy(), se:cdp: ws://localhost:13842/devtoo..., se:cdpVersion: 102.0.5005.115, setWindowRect: true, strictFileInteractability: false, timeouts: {implicit: 0, pageLoad: 300000, script: 30000}, unhandledPromptBehavior: dismiss and notify, webauthn:extension:credBlob: true, webauthn:extension:largeBlob: true, webauthn:virtualAuthenticators: true}
Element: [[ChromeDriver: chrome on WINDOWS (cde34259beababb48ec5615fa719c3aa)] -&gt; xpath: /html/body/div[6]/div[3]/div/div/div/div/div[1]/div[1]/a[1]]
Session ID: cde34259beababb48ec5615fa719c3aa">
      <![CDATA[org.openqa.selenium.ElementClickInterceptedException: element click intercepted: Element <a href="http://demo.nopcommerce.com/" aria-label="" class="nivo-imageLink" style="display: none;">...</a> is not clickable at point (600, 240). Other element would receive the click: <a href="http://demo.nopcommerce.com/" aria-label="" class="nivo-imageLink" style="display: block;">...</a>
  (Session info: chrome=102.0.5005.115)
Build info: version: '4.1.4', revision: '535d840ee2'
System info: host: 'DESKTOP-521SOOQ', ip: '192.168.1.109', os.name: 'Windows 10', os.arch: 'amd64', os.version: '10.0', java.version: '1.8.0_221'
Driver info: org.openqa.selenium.chrome.ChromeDriver
Command: [cde34259beababb48ec5615fa719c3aa, clickElement {id=d06bd568-163f-4e16-b686-59d73695f235}]
Capabilities {acceptInsecureCerts: false, browserName: chrome, browserVersion: 102.0.5005.115, chrome: {chromedriverVersion: 102.0.5005.61 (0e59bcc00cc4..., userDataDir: C:\Users\shahd\AppData\Loca...}, goog:chromeOptions: {debuggerAddress: localhost:13842}, javascriptEnabled: true, networkConnectionEnabled: false, pageLoadStrategy: normal, platform: WINDOWS, platformName: WINDOWS, proxy: Proxy(), se:cdp: ws://localhost:13842/devtoo..., se:cdpVersion: 102.0.5005.115, setWindowRect: true, strictFileInteractability: false, timeouts: {implicit: 0, pageLoad: 300000, script: 30000}, unhandledPromptBehavior: dismiss and notify, webauthn:extension:credBlob: true, webauthn:extension:largeBlob: true, webauthn:virtualAuthenticators: true}
Element: [[ChromeDriver: chrome on WINDOWS (cde34259beababb48ec5615fa719c3aa)] -> xpath: /html/body/div[6]/div[3]/div/div/div/div/div[1]/div[1]/a[1]]
Session ID: cde34259beababb48ec5615fa719c3aa
at sun.reflect.NativeConstructorAccessorImpl.newInstance0(Native Method)
at sun.reflect.NativeConstructorAccessorImpl.newInstance(NativeConstructorAccessorImpl.java:62)
at sun.reflect.DelegatingConstructorAccessorImpl.newInstance(DelegatingConstructorAccessorImpl.java:45)
at java.lang.reflect.Constructor.newInstance(Constructor.java:423)
at org.openqa.selenium.remote.codec.w3c.W3CHttpResponseCodec.createException(W3CHttpResponseCodec.java:200)
at org.openqa.selenium.remote.codec.w3c.W3CHttpResponseCodec.decode(W3CHttpResponseCodec.java:133)
at org.openqa.selenium.remote.codec.w3c.W3CHttpResponseCodec.decode(W3CHttpResponseCodec.java:53)
at org.openqa.selenium.remote.HttpCommandExecutor.execute(HttpCommandExecutor.java:184)
at org.openqa.selenium.remote.service.DriverCommandExecutor.invokeExecute(DriverCommandExecutor.java:167)
at org.openqa.selenium.remote.service.DriverCommandExecutor.execute(DriverCommandExecutor.java:142)
at org.openqa.selenium.remote.RemoteWebDriver.execute(RemoteWebDriver.java:567)
at org.openqa.selenium.remote.RemoteWebElement.execute(RemoteWebElement.java:251)
at org.openqa.selenium.remote.RemoteWebElement.click(RemoteWebElement.java:77)
at org.example.stepDefinitions.D06_HomeSliderStepDef.first_Slider(D06_HomeSliderStepDef.java:18)
at ✽.user clicks on first slider(file:///C:/Users/shahd/IdeaProjects/nopcommerce2/src/main/resources/features/F06_HomeSlider.feature:5)
]]>
    </error>
  </testcase> <!-- runScenario -->
  <system-out/>
  <testcase name="runScenario" time="11.420" classname="org.example.runners.TestRunner"/>
  <system-out/>
  <testcase name="runScenario" time="12.481" classname="org.example.runners.TestRunner"/>
  <system-out/>
  <testcase name="runScenario" time="16.792" classname="org.example.runners.TestRunner">
    <failure type="java.lang.AssertionError" message="expected [https://demo.nopcommerce.com/iphones6] but found [https://demo.nopcommerce.com/]">
      <![CDATA[java.lang.AssertionError: expected [https://demo.nopcommerce.com/iphones6] but found [https://demo.nopcommerce.com/]
at org.testng.Assert.fail(Assert.java:110)
at org.testng.Assert.failNotEquals(Assert.java:1413)
at org.testng.Assert.assertEqualsImpl(Assert.java:149)
at org.testng.Assert.assertEquals(Assert.java:131)
at org.testng.Assert.assertEquals(Assert.java:655)
at org.testng.Assert.assertEquals(Assert.java:665)
at org.example.stepDefinitions.D06_HomeSliderStepDef.display_second_Slider_product(D06_HomeSliderStepDef.java:46)
at ✽.relative product for second slider is displayed(file:///C:/Users/shahd/IdeaProjects/nopcommerce2/src/main/resources/features/F06_HomeSlider.feature:10)
]]>
    </failure>
  </testcase> <!-- runScenario -->
  <system-out/>
  <testcase name="runScenario" time="15.153" classname="org.example.runners.TestRunner"/>
  <system-out/>
  <testcase name="runScenario" time="16.324" classname="org.example.runners.TestRunner"/>
  <system-out/>
  <testcase name="runScenario" time="11.620" classname="org.example.runners.TestRunner"/>
  <system-out/>
  <testcase name="runScenario" time="15.716" classname="org.example.runners.TestRunner">
    <error type="java.lang.IndexOutOfBoundsException" message="Index: 1, Size: 1">
      <![CDATA[java.lang.IndexOutOfBoundsException: Index: 1, Size: 1
at java.util.ArrayList.rangeCheck(ArrayList.java:657)
at java.util.ArrayList.get(ArrayList.java:433)
at org.example.stepDefinitions.D07_FollowUsStepDef.redirect_to_news_rss_page_of_the_website(D07_FollowUsStepDef.java:61)
at ✽.user is redirected to the news rss page of the website(file:///C:/Users/shahd/IdeaProjects/nopcommerce2/src/main/resources/features/F07_FollowUs.feature:20)
]]>
    </error>
  </testcase> <!-- runScenario -->
  <system-out/>
  <testcase name="runScenario" time="12.979" classname="org.example.runners.TestRunner"/>
  <system-out/>
  <testcase name="runScenario" time="13.573" classname="org.example.runners.TestRunner"/>
  <system-out/>
  <testcase name="runScenario" time="11.853" classname="org.example.runners.TestRunner"/>
  <system-out/>
  <testcase name="runScenario" time="14.184" classname="org.example.runners.TestRunner"/>
  <system-out/>
  <testcase name="runScenario" time="12.083" classname="org.example.runners.TestRunner"/>
  <system-out/>
  <testcase name="runScenario" time="13.723" classname="org.example.runners.TestRunner"/>
  <system-out/>
  <testcase name="runScenario" time="15.889" classname="org.example.runners.TestRunner"/>
  <system-out/>
  <testcase name="runScenario" time="17.548" classname="org.example.runners.TestRunner"/>
  <system-out/>
</testsuite> <!-- org.example.runners.TestRunner -->
